2017-08-08 15:55:37,576	-	INFO	-	chrome成功启动
2017-08-08 15:56:42,255	-	INFO	-	chrome成功启动
2017-08-08 15:56:43,636	-	INFO	-	选择值2
2017-08-08 15:56:43,773	-	INFO	-	选择值o1
2017-08-08 16:09:57,952	-	INFO	-	chrome成功启动
2017-08-08 16:12:42,649	-	INFO	-	chrome成功启动
2017-08-08 16:13:21,091	-	INFO	-	chrome成功启动
2017-08-08 16:13:28,328	-	INFO	-	('link text', '新闻')单击成功
2017-08-08 16:24:07,985	-	INFO	-	chrome成功启动
2017-08-08 16:24:16,316	-	INFO	-	('link text', '新闻')单击成功
2017-08-08 16:25:25,442	-	INFO	-	chrome成功启动
2017-08-08 16:26:03,993	-	INFO	-	E:\code\Python\seleniumPackage目录下驱动加载成功
2017-08-08 16:26:07,873	-	INFO	-	chrome成功启动
2017-08-08 16:26:16,021	-	INFO	-	('link text', '新闻')单击成功
2017-08-08 16:30:01,048	-	INFO	-	E:\code\Python\seleniumPackage目录下驱动加载成功
2017-08-08 16:30:04,907	-	INFO	-	chrome成功启动
2017-08-08 16:30:17,488	-	INFO	-	E:\code\Python\seleniumPackage目录下驱动加载成功
2017-08-08 16:30:21,080	-	INFO	-	chrome成功启动
2017-08-08 16:30:29,238	-	INFO	-	E:\code\Python\seleniumPackage\TestCase目录下驱动加载成功
2017-08-08 16:30:33,313	-	INFO	-	chrome成功启动
2017-08-08 16:38:48,582	-	INFO	-	E:\code\Python\seleniumPackage\driver目录下驱动加载成功
2017-08-08 16:38:54,548	-	INFO	-	chrome成功启动
2017-08-08 16:38:58,993	-	INFO	-	('link text', '新闻')单击成功
